<?xml version="1.0" encoding="UTF-8"?>
<testsuite name="hello.itemservice.message.MessageSourceTest" tests="1" skipped="0" failures="0" errors="0" timestamp="2022-08-24T08:48:17" hostname="gimtaeseob-ui-MacBookAir.local" time="0.342">
  <properties/>
  <testcase name="notFoundMessageCOde()" classname="hello.itemservice.message.MessageSourceTest" time="0.342"/>
  <system-out><![CDATA[17:48:15.963 [Test worker] DEBUG org.springframework.test.context.BootstrapUtils - Instantiating CacheAwareContextLoaderDelegate from class [org.springframework.test.context.cache.DefaultCacheAwareContextLoaderDelegate]
17:48:15.978 [Test worker] DEBUG org.springframework.test.context.BootstrapUtils - Instantiating BootstrapContext using constructor [public org.springframework.test.context.support.DefaultBootstrapContext(java.lang.Class,org.springframework.test.context.CacheAwareContextLoaderDelegate)]
17:48:16.021 [Test worker] DEBUG org.springframework.test.context.BootstrapUtils - Instantiating TestContextBootstrapper for test class [hello.itemservice.message.MessageSourceTest] from class [org.springframework.boot.test.context.SpringBootTestContextBootstrapper]
17:48:16.032 [Test worker] INFO org.springframework.boot.test.context.SpringBootTestContextBootstrapper - Neither @ContextConfiguration nor @ContextHierarchy found for test class [hello.itemservice.message.MessageSourceTest], using SpringBootContextLoader
17:48:16.037 [Test worker] DEBUG org.springframework.test.context.support.AbstractContextLoader - Did not detect default resource location for test class [hello.itemservice.message.MessageSourceTest]: class path resource [hello/itemservice/message/MessageSourceTest-context.xml] does not exist
17:48:16.038 [Test worker] DEBUG org.springframework.test.context.support.AbstractContextLoader - Did not detect default resource location for test class [hello.itemservice.message.MessageSourceTest]: class path resource [hello/itemservice/message/MessageSourceTestContext.groovy] does not exist
17:48:16.038 [Test worker] INFO org.springframework.test.context.support.AbstractContextLoader - Could not detect default resource locations for test class [hello.itemservice.message.MessageSourceTest]: no resource found for suffixes {-context.xml, Context.groovy}.
17:48:16.039 [Test worker] INFO org.springframework.test.context.support.AnnotationConfigContextLoaderUtils - Could not detect default configuration classes for test class [hello.itemservice.message.MessageSourceTest]: MessageSourceTest does not declare any static, non-private, non-final, nested classes annotated with @Configuration.
17:48:16.088 [Test worker] DEBUG org.springframework.test.context.support.ActiveProfilesUtils - Could not find an 'annotation declaring class' for annotation type [org.springframework.test.context.ActiveProfiles] and class [hello.itemservice.message.MessageSourceTest]
17:48:16.155 [Test worker] DEBUG org.springframework.context.annotation.ClassPathScanningCandidateComponentProvider - Identified candidate component class: file [/Users/gimtaeseob/AndroidStudioProjects/git/inflearnSpringboot/message/build/classes/java/main/hello/itemservice/ItemServiceApplication.class]
17:48:16.159 [Test worker] INFO org.springframework.boot.test.context.SpringBootTestContextBootstrapper - Found @SpringBootConfiguration hello.itemservice.ItemServiceApplication for test class hello.itemservice.message.MessageSourceTest
17:48:16.263 [Test worker] DEBUG org.springframework.boot.test.context.SpringBootTestContextBootstrapper - @TestExecutionListeners is not present for class [hello.itemservice.message.MessageSourceTest]: using defaults.
17:48:16.264 [Test worker] INFO org.springframework.boot.test.context.SpringBootTestContextBootstrapper - Loaded default TestExecutionListener class names from location [META-INF/spring.factories]: [org.springframework.boot.test.autoconfigure.restdocs.RestDocsTestExecutionListener, org.springframework.boot.test.autoconfigure.web.client.MockRestServiceServerResetTestExecutionListener, org.springframework.boot.test.autoconfigure.web.servlet.MockMvcPrintOnlyOnFailureTestExecutionListener, org.springframework.boot.test.autoconfigure.web.servlet.WebDriverTestExecutionListener, org.springframework.boot.test.autoconfigure.webservices.client.MockWebServiceServerTestExecutionListener, org.springframework.boot.test.mock.mockito.MockitoTestExecutionListener, org.springframework.boot.test.mock.mockito.ResetMocksTestExecutionListener, org.springframework.test.context.web.ServletTestExecutionListener, org.springframework.test.context.support.DirtiesContextBeforeModesTestExecutionListener, org.springframework.test.context.event.ApplicationEventsTestExecutionListener, org.springframework.test.context.support.DependencyInjectionTestExecutionListener, org.springframework.test.context.support.DirtiesContextTestExecutionListener, org.springframework.test.context.transaction.TransactionalTestExecutionListener, org.springframework.test.context.jdbc.SqlScriptsTestExecutionListener, org.springframework.test.context.event.EventPublishingTestExecutionListener]
17:48:16.278 [Test worker] DEBUG org.springframework.boot.test.context.SpringBootTestContextBootstrapper - Skipping candidate TestExecutionListener [org.springframework.test.context.transaction.TransactionalTestExecutionListener] due to a missing dependency. Specify custom listener classes or make the default listener classes and their required dependencies available. Offending class: [org/springframework/transaction/interceptor/TransactionAttributeSource]
17:48:16.278 [Test worker] DEBUG org.springframework.boot.test.context.SpringBootTestContextBootstrapper - Skipping candidate TestExecutionListener [org.springframework.test.context.jdbc.SqlScriptsTestExecutionListener] due to a missing dependency. Specify custom listener classes or make the default listener classes and their required dependencies available. Offending class: [org/springframework/transaction/interceptor/TransactionAttribute]
17:48:16.279 [Test worker] INFO org.springframework.boot.test.context.SpringBootTestContextBootstrapper - Using TestExecutionListeners: [org.springframework.test.context.web.ServletTestExecutionListener@ba6d272, org.springframework.test.context.support.DirtiesContextBeforeModesTestExecutionListener@1d42b7c9, org.springframework.test.context.event.ApplicationEventsTestExecutionListener@4175053c, org.springframework.boot.test.mock.mockito.MockitoTestExecutionListener@27e5a8a3, org.springframework.boot.test.autoconfigure.SpringBootDependencyInjectionTestExecutionListener@1aedcb6f, org.springframework.test.context.support.DirtiesContextTestExecutionListener@1299db04, org.springframework.test.context.event.EventPublishingTestExecutionListener@7b2c608e, org.springframework.boot.test.autoconfigure.restdocs.RestDocsTestExecutionListener@71066ff8, org.springframework.boot.test.autoconfigure.web.client.MockRestServiceServerResetTestExecutionListener@5446404, org.springframework.boot.test.autoconfigure.web.servlet.MockMvcPrintOnlyOnFailureTestExecutionListener@59d9ce53, org.springframework.boot.test.autoconfigure.web.servlet.WebDriverTestExecutionListener@4169fdf6, org.springframework.boot.test.autoconfigure.webservices.client.MockWebServiceServerTestExecutionListener@352338c, org.springframework.boot.test.mock.mockito.ResetMocksTestExecutionListener@259003a6]
17:48:16.295 [Test worker] DEBUG org.springframework.test.context.support.AbstractDirtiesContextTestExecutionListener - Before test class: context [DefaultTestContext@403ff94b testClass = MessageSourceTest, testInstance = [null], testMethod = [null], testException = [null], mergedContextConfiguration = [WebMergedContextConfiguration@575f86a7 testClass = MessageSourceTest, locations = '{}', classes = '{class hello.itemservice.ItemServiceApplication}', contextInitializerClasses = '[]', activeProfiles = '{}', propertySourceLocations = '{}', propertySourceProperties = '{org.springframework.boot.test.context.SpringBootTestContextBootstrapper=true}', contextCustomizers = set[org.springframework.boot.test.autoconfigure.actuate.metrics.MetricsExportContextCustomizerFactory$DisableMetricExportContextCustomizer@69ea11ca, org.springframework.boot.test.autoconfigure.properties.PropertyMappingContextCustomizer@0, org.springframework.boot.test.autoconfigure.web.servlet.WebDriverContextCustomizerFactory$Customizer@51cd3b3, org.springframework.boot.test.context.filter.ExcludeFilterContextCustomizer@4d8a4181, org.springframework.boot.test.json.DuplicateJsonObjectContextCustomizerFactory$DuplicateJsonObjectContextCustomizer@38b557d4, org.springframework.boot.test.mock.mockito.MockitoContextCustomizer@0, org.springframework.boot.test.web.client.TestRestTemplateContextCustomizer@495ca30b, org.springframework.boot.test.context.SpringBootTestArgs@1, org.springframework.boot.test.context.SpringBootTestWebEnvironment@1b27c38e], resourceBasePath = 'src/main/webapp', contextLoader = 'org.springframework.boot.test.context.SpringBootContextLoader', parent = [null]], attributes = map['org.springframework.test.context.web.ServletTestExecutionListener.activateListener' -> true]], class annotated with @DirtiesContext [false] with mode [null].
17:48:16.323 [Test worker] DEBUG org.springframework.test.context.support.TestPropertySourceUtils - Adding inlined properties to environment: {spring.jmx.enabled=false, org.springframework.boot.test.context.SpringBootTestContextBootstrapper=true}

  .   ____          _            __ _ _
 /\\ / ___'_ __ _ _(_)_ __  __ _ \ \ \ \
( ( )\___ | '_ | '_| | '_ \/ _` | \ \ \ \
 \\/  ___)| |_)| | | | | || (_| |  ) ) ) )
  '  |____| .__|_| |_|_| |_\__, | / / / /
 =========|_|==============|___/=/_/_/_/
?[32m :: Spring Boot :: ?[39m              ?[2m (v2.4.4)?[0;39m

?[2m2022-08-24 17:48:16.791?[0;39m ?[32m INFO?[0;39m ?[35m60238?[0;39m ?[2m---?[0;39m ?[2m[    Test worker]?[0;39m ?[36mh.itemservice.message.MessageSourceTest ?[0;39m ?[2m:?[0;39m Starting MessageSourceTest using Java 15.0.6 on gimtaeseob-ui-MacBookAir.local with PID 60238 (started by gimtaeseob in /Users/gimtaeseob/AndroidStudioProjects/git/inflearnSpringboot/message)
?[2m2022-08-24 17:48:16.793?[0;39m ?[32m INFO?[0;39m ?[35m60238?[0;39m ?[2m---?[0;39m ?[2m[    Test worker]?[0;39m ?[36mh.itemservice.message.MessageSourceTest ?[0;39m ?[2m:?[0;39m No active profile set, falling back to default profiles: default
?[2m2022-08-24 17:48:17.342?[0;39m ?[32m INFO?[0;39m ?[35m60238?[0;39m ?[2m---?[0;39m ?[2m[    Test worker]?[0;39m ?[36mo.s.s.concurrent.ThreadPoolTaskExecutor ?[0;39m ?[2m:?[0;39m Initializing ExecutorService 'applicationTaskExecutor'
?[2m2022-08-24 17:48:17.426?[0;39m ?[32m INFO?[0;39m ?[35m60238?[0;39m ?[2m---?[0;39m ?[2m[    Test worker]?[0;39m ?[36mo.s.b.a.w.s.WelcomePageHandlerMapping   ?[0;39m ?[2m:?[0;39m Adding welcome page: class path resource [static/index.html]
?[2m2022-08-24 17:48:17.588?[0;39m ?[32m INFO?[0;39m ?[35m60238?[0;39m ?[2m---?[0;39m ?[2m[    Test worker]?[0;39m ?[36mh.itemservice.message.MessageSourceTest ?[0;39m ?[2m:?[0;39m Started MessageSourceTest in 1.261 seconds (JVM running for 2.803)
]]></system-out>
  <system-err><![CDATA[]]></system-err>
</testsuite>
